0 info it worked if it ends with ok
1 verbose cli [ '/usr/bin/nodejs', '/usr/bin/npm', 'install', 'node' ]
2 info using npm@3.5.2
3 info using node@v4.2.6
4 silly loadCurrentTree Starting
5 silly install loadCurrentTree
6 silly install readLocalPackageData
7 silly fetchPackageMetaData node
8 silly fetchNamedPackageData node
9 silly mapToRegistry name node
10 silly mapToRegistry using default registry
11 silly mapToRegistry registry https://registry.npmjs.org/
12 silly mapToRegistry uri https://registry.npmjs.org/node
13 verbose request uri https://registry.npmjs.org/node
14 verbose request no auth needed
15 info attempt registry request try #1 at 7:21:51 p. m.
16 verbose request id 55e15ce6615b30f2
17 http request GET https://registry.npmjs.org/node
18 http 200 https://registry.npmjs.org/node
19 verbose headers { server: 'nginx/1.10.1',
19 verbose headers   'content-type': 'application/json',
19 verbose headers   'last-modified': 'Thu, 28 Sep 2017 22:13:50 GMT',
19 verbose headers   etag: 'W/"59cd741e-4e34a"',
19 verbose headers   'content-encoding': 'gzip',
19 verbose headers   'cache-control': 'max-age=300',
19 verbose headers   'content-length': '51508',
19 verbose headers   'accept-ranges': 'bytes',
19 verbose headers   date: 'Fri, 29 Sep 2017 22:21:58 GMT',
19 verbose headers   via: '1.1 varnish',
19 verbose headers   age: '0',
19 verbose headers   connection: 'keep-alive',
19 verbose headers   'x-served-by': 'cache-mia17620-MIA',
19 verbose headers   'x-cache': 'HIT',
19 verbose headers   'x-cache-hits': '1',
19 verbose headers   'x-timer': 'S1506723718.273062,VS0,VE166',
19 verbose headers   vary: 'Accept-Encoding, Accept' }
20 silly get cb [ 200,
20 silly get   { server: 'nginx/1.10.1',
20 silly get     'content-type': 'application/json',
20 silly get     'last-modified': 'Thu, 28 Sep 2017 22:13:50 GMT',
20 silly get     etag: 'W/"59cd741e-4e34a"',
20 silly get     'content-encoding': 'gzip',
20 silly get     'cache-control': 'max-age=300',
20 silly get     'content-length': '51508',
20 silly get     'accept-ranges': 'bytes',
20 silly get     date: 'Fri, 29 Sep 2017 22:21:58 GMT',
20 silly get     via: '1.1 varnish',
20 silly get     age: '0',
20 silly get     connection: 'keep-alive',
20 silly get     'x-served-by': 'cache-mia17620-MIA',
20 silly get     'x-cache': 'HIT',
20 silly get     'x-cache-hits': '1',
20 silly get     'x-timer': 'S1506723718.273062,VS0,VE166',
20 silly get     vary: 'Accept-Encoding, Accept' } ]
21 verbose get saving node to /home/gonza/.npm/registry.npmjs.org/node/.cache.json
22 silly install normalizeTree
23 silly loadCurrentTree Finishing
24 silly loadIdealTree Starting
25 silly install loadIdealTree
26 silly cloneCurrentTree Starting
27 silly install cloneCurrentTreeToIdealTree
28 silly cloneCurrentTree Finishing
29 silly loadShrinkwrap Starting
30 silly install loadShrinkwrap
31 silly loadShrinkwrap Finishing
32 silly loadAllDepsIntoIdealTree Starting
33 silly install loadAllDepsIntoIdealTree
34 silly resolveWithNewModule node@8.3.0 checking installable status
35 silly cache add args [ 'node', null ]
36 verbose cache add spec node
37 silly cache add parsed spec Result {
37 silly cache add   raw: 'node',
37 silly cache add   scope: null,
37 silly cache add   name: 'node',
37 silly cache add   rawSpec: '',
37 silly cache add   spec: 'latest',
37 silly cache add   type: 'tag' }
38 silly addNamed node@latest
39 verbose addNamed "latest" is being treated as a dist-tag for node
40 info addNameTag [ 'node', 'latest' ]
41 silly mapToRegistry name node
42 silly mapToRegistry using default registry
43 silly mapToRegistry registry https://registry.npmjs.org/
44 silly mapToRegistry uri https://registry.npmjs.org/node
45 verbose addNameTag registry:https://registry.npmjs.org/node not in flight; fetching
46 verbose get https://registry.npmjs.org/node not expired, no request
47 silly addNameTag next cb for node with tag latest
48 silly addNamed node@8.3.0
49 verbose addNamed "8.3.0" is a plain semver version for node
50 silly mapToRegistry name node
51 silly mapToRegistry using default registry
52 silly mapToRegistry registry https://registry.npmjs.org/
53 silly mapToRegistry uri https://registry.npmjs.org/node
54 verbose addRemoteTarball https://registry.npmjs.org/node/-/node-8.3.0.tgz not in flight; adding
55 verbose addRemoteTarball [ 'https://registry.npmjs.org/node/-/node-8.3.0.tgz',
55 verbose addRemoteTarball   '478e84ffcc4be39938306ace1c4613c8231e5f44' ]
56 info retry fetch attempt 1 at 7:22:32 p. m.
57 info attempt registry request try #1 at 7:22:32 p. m.
58 http fetch GET https://registry.npmjs.org/node/-/node-8.3.0.tgz
59 http fetch 200 https://registry.npmjs.org/node/-/node-8.3.0.tgz
60 silly fetchAndShaCheck shasum 478e84ffcc4be39938306ace1c4613c8231e5f44
61 verbose addTmpTarball /tmp/npm-3507-af2ddc93/registry.npmjs.org/node/-/node-8.3.0.tgz not in flight; adding
62 verbose addTmpTarball already have metadata; skipping unpack for node@8.3.0
63 silly cache afterAdd node@8.3.0
64 verbose afterAdd /home/gonza/.npm/node/8.3.0/package/package.json not in flight; writing
65 verbose afterAdd /home/gonza/.npm/node/8.3.0/package/package.json written
66 silly fetchNamedPackageData node-bin-setup
67 silly mapToRegistry name node-bin-setup
68 silly mapToRegistry using default registry
69 silly mapToRegistry registry https://registry.npmjs.org/
70 silly mapToRegistry uri https://registry.npmjs.org/node-bin-setup
71 verbose request uri https://registry.npmjs.org/node-bin-setup
72 verbose request no auth needed
73 info attempt registry request try #1 at 7:22:40 p. m.
74 http request GET https://registry.npmjs.org/node-bin-setup
75 http 200 https://registry.npmjs.org/node-bin-setup
76 verbose headers { server: 'nginx/1.10.1',
76 verbose headers   'content-type': 'application/json',
76 verbose headers   'last-modified': 'Tue, 25 Jul 2017 03:32:58 GMT',
76 verbose headers   etag: 'W/"5976bbea-1511"',
76 verbose headers   'content-encoding': 'gzip',
76 verbose headers   'cache-control': 'max-age=300',
76 verbose headers   'content-length': '1464',
76 verbose headers   'accept-ranges': 'bytes',
76 verbose headers   date: 'Fri, 29 Sep 2017 22:22:44 GMT',
76 verbose headers   via: '1.1 varnish',
76 verbose headers   age: '0',
76 verbose headers   connection: 'keep-alive',
76 verbose headers   'x-served-by': 'cache-mia17631-MIA',
76 verbose headers   'x-cache': 'MISS',
76 verbose headers   'x-cache-hits': '0',
76 verbose headers   'x-timer': 'S1506723764.199688,VS0,VE80',
76 verbose headers   vary: 'Accept-Encoding, Accept' }
77 silly get cb [ 200,
77 silly get   { server: 'nginx/1.10.1',
77 silly get     'content-type': 'application/json',
77 silly get     'last-modified': 'Tue, 25 Jul 2017 03:32:58 GMT',
77 silly get     etag: 'W/"5976bbea-1511"',
77 silly get     'content-encoding': 'gzip',
77 silly get     'cache-control': 'max-age=300',
77 silly get     'content-length': '1464',
77 silly get     'accept-ranges': 'bytes',
77 silly get     date: 'Fri, 29 Sep 2017 22:22:44 GMT',
77 silly get     via: '1.1 varnish',
77 silly get     age: '0',
77 silly get     connection: 'keep-alive',
77 silly get     'x-served-by': 'cache-mia17631-MIA',
77 silly get     'x-cache': 'MISS',
77 silly get     'x-cache-hits': '0',
77 silly get     'x-timer': 'S1506723764.199688,VS0,VE80',
77 silly get     vary: 'Accept-Encoding, Accept' } ]
78 verbose get saving node-bin-setup to /home/gonza/.npm/registry.npmjs.org/node-bin-setup/.cache.json
79 silly resolveWithNewModule node-bin-setup@1.0.6 checking installable status
80 silly cache add args [ 'node-bin-setup@^1.0.0', null ]
81 verbose cache add spec node-bin-setup@^1.0.0
82 silly cache add parsed spec Result {
82 silly cache add   raw: 'node-bin-setup@^1.0.0',
82 silly cache add   scope: null,
82 silly cache add   name: 'node-bin-setup',
82 silly cache add   rawSpec: '^1.0.0',
82 silly cache add   spec: '>=1.0.0 <2.0.0',
82 silly cache add   type: 'range' }
83 silly addNamed node-bin-setup@>=1.0.0 <2.0.0
84 verbose addNamed ">=1.0.0 <2.0.0" is a valid semver range for node-bin-setup
85 silly addNameRange { name: 'node-bin-setup',
85 silly addNameRange   range: '>=1.0.0 <2.0.0',
85 silly addNameRange   hasData: false }
86 silly mapToRegistry name node-bin-setup
87 silly mapToRegistry using default registry
88 silly mapToRegistry registry https://registry.npmjs.org/
89 silly mapToRegistry uri https://registry.npmjs.org/node-bin-setup
90 verbose addNameRange registry:https://registry.npmjs.org/node-bin-setup not in flight; fetching
91 verbose get https://registry.npmjs.org/node-bin-setup not expired, no request
92 silly addNameRange number 2 { name: 'node-bin-setup',
92 silly addNameRange   range: '>=1.0.0 <2.0.0',
92 silly addNameRange   hasData: true }
93 silly addNameRange versions [ 'node-bin-setup',
93 silly addNameRange   [ '1.0.0', '1.0.1', '1.0.2', '1.0.3', '1.0.4', '1.0.6' ] ]
94 silly addNamed node-bin-setup@1.0.6
95 verbose addNamed "1.0.6" is a plain semver version for node-bin-setup
96 silly mapToRegistry name node-bin-setup
97 silly mapToRegistry using default registry
98 silly mapToRegistry registry https://registry.npmjs.org/
99 silly mapToRegistry uri https://registry.npmjs.org/node-bin-setup
100 verbose addRemoteTarball https://registry.npmjs.org/node-bin-setup/-/node-bin-setup-1.0.6.tgz not in flight; adding
101 verbose addRemoteTarball [ 'https://registry.npmjs.org/node-bin-setup/-/node-bin-setup-1.0.6.tgz',
101 verbose addRemoteTarball   '4b5c9bb937ece702d7069b36ca78af4684677528' ]
102 info retry fetch attempt 1 at 7:22:46 p. m.
103 info attempt registry request try #1 at 7:22:46 p. m.
104 http fetch GET https://registry.npmjs.org/node-bin-setup/-/node-bin-setup-1.0.6.tgz
105 http fetch 200 https://registry.npmjs.org/node-bin-setup/-/node-bin-setup-1.0.6.tgz
106 silly fetchAndShaCheck shasum 4b5c9bb937ece702d7069b36ca78af4684677528
107 verbose addTmpTarball /tmp/npm-3507-af2ddc93/registry.npmjs.org/node-bin-setup/-/node-bin-setup-1.0.6.tgz not in flight; adding
108 verbose addTmpTarball already have metadata; skipping unpack for node-bin-setup@1.0.6
109 silly cache afterAdd node-bin-setup@1.0.6
110 verbose afterAdd /home/gonza/.npm/node-bin-setup/1.0.6/package/package.json not in flight; writing
111 verbose afterAdd /home/gonza/.npm/node-bin-setup/1.0.6/package/package.json written
112 silly loadAllDepsIntoIdealTree Finishing
113 silly idealTree:prePrune parcialito SQL
113 silly idealTree:prePrune ├── argparse@0.1.16
113 silly idealTree:prePrune ├── async@1.5.2
113 silly idealTree:prePrune ├── autolinker@0.15.3
113 silly idealTree:prePrune ├── commander@2.11.0
113 silly idealTree:prePrune ├── concat-stream@1.6.0
113 silly idealTree:prePrune ├── core-util-is@1.0.2
113 silly idealTree:prePrune ├── duplexer@0.1.1
113 silly idealTree:prePrune ├── extend@3.0.1
113 silly idealTree:prePrune ├── highlight.js@9.12.0
113 silly idealTree:prePrune ├── inherits@2.0.3
113 silly idealTree:prePrune ├── isarray@1.0.0
113 silly idealTree:prePrune ├── minimist@0.0.8
113 silly idealTree:prePrune ├── mkdirp@0.5.0
113 silly idealTree:prePrune ├── node-bin-setup@1.0.6
113 silly idealTree:prePrune ├── node@8.3.0
113 silly idealTree:prePrune ├── os-tmpdir@1.0.2
113 silly idealTree:prePrune ├── process-nextick-args@1.0.7
113 silly idealTree:prePrune ├── readable-stream@2.3.3
113 silly idealTree:prePrune ├── remarkable@1.7.1
113 silly idealTree:prePrune ├── safe-buffer@5.1.1
113 silly idealTree:prePrune ├── series-stream@1.0.1
113 silly idealTree:prePrune ├── stream-from-to@1.4.3
113 silly idealTree:prePrune ├── string_decoder@1.0.3
113 silly idealTree:prePrune ├── through2@2.0.3
113 silly idealTree:prePrune ├── tmp@0.0.28
113 silly idealTree:prePrune ├── typedarray@0.0.6
113 silly idealTree:prePrune ├── underscore.string@2.4.0
113 silly idealTree:prePrune ├── underscore@1.7.0
113 silly idealTree:prePrune ├── util-deprecate@1.0.2
113 silly idealTree:prePrune └── xtend@4.0.1
114 silly loadIdealTree Finishing
115 silly currentTree parcialito SQL
115 silly currentTree ├── argparse@0.1.16
115 silly currentTree ├── async@1.5.2
115 silly currentTree ├── autolinker@0.15.3
115 silly currentTree ├── commander@2.11.0
115 silly currentTree ├── concat-stream@1.6.0
115 silly currentTree ├── core-util-is@1.0.2
115 silly currentTree ├── duplexer@0.1.1
115 silly currentTree ├── extend@3.0.1
115 silly currentTree ├── highlight.js@9.12.0
115 silly currentTree ├── inherits@2.0.3
115 silly currentTree ├── isarray@1.0.0
115 silly currentTree ├── minimist@0.0.8
115 silly currentTree ├── mkdirp@0.5.0
115 silly currentTree ├── os-tmpdir@1.0.2
115 silly currentTree ├── process-nextick-args@1.0.7
115 silly currentTree ├── readable-stream@2.3.3
115 silly currentTree ├── remarkable@1.7.1
115 silly currentTree ├── safe-buffer@5.1.1
115 silly currentTree ├── series-stream@1.0.1
115 silly currentTree ├── stream-from-to@1.4.3
115 silly currentTree ├── string_decoder@1.0.3
115 silly currentTree ├── through2@2.0.3
115 silly currentTree ├── tmp@0.0.28
115 silly currentTree ├── typedarray@0.0.6
115 silly currentTree ├── underscore.string@2.4.0
115 silly currentTree ├── underscore@1.7.0
115 silly currentTree ├── util-deprecate@1.0.2
115 silly currentTree └── xtend@4.0.1
116 silly idealTree parcialito SQL
116 silly idealTree ├── argparse@0.1.16
116 silly idealTree ├── async@1.5.2
116 silly idealTree ├── autolinker@0.15.3
116 silly idealTree ├── commander@2.11.0
116 silly idealTree ├── concat-stream@1.6.0
116 silly idealTree ├── core-util-is@1.0.2
116 silly idealTree ├── duplexer@0.1.1
116 silly idealTree ├── extend@3.0.1
116 silly idealTree ├── highlight.js@9.12.0
116 silly idealTree ├── inherits@2.0.3
116 silly idealTree ├── isarray@1.0.0
116 silly idealTree ├── minimist@0.0.8
116 silly idealTree ├── mkdirp@0.5.0
116 silly idealTree ├── node-bin-setup@1.0.6
116 silly idealTree ├── node@8.3.0
116 silly idealTree ├── os-tmpdir@1.0.2
116 silly idealTree ├── process-nextick-args@1.0.7
116 silly idealTree ├── readable-stream@2.3.3
116 silly idealTree ├── remarkable@1.7.1
116 silly idealTree ├── safe-buffer@5.1.1
116 silly idealTree ├── series-stream@1.0.1
116 silly idealTree ├── stream-from-to@1.4.3
116 silly idealTree ├── string_decoder@1.0.3
116 silly idealTree ├── through2@2.0.3
116 silly idealTree ├── tmp@0.0.28
116 silly idealTree ├── typedarray@0.0.6
116 silly idealTree ├── underscore.string@2.4.0
116 silly idealTree ├── underscore@1.7.0
116 silly idealTree ├── util-deprecate@1.0.2
116 silly idealTree └── xtend@4.0.1
117 silly generateActionsToTake Starting
118 silly install generateActionsToTake
119 silly generateActionsToTake Finishing
120 silly diffTrees action count 2
121 silly diffTrees add node-bin-setup@1.0.6
122 silly diffTrees add node@8.3.0
123 silly decomposeActions action count 16
124 silly decomposeActions fetch node-bin-setup@1.0.6
125 silly decomposeActions extract node-bin-setup@1.0.6
126 silly decomposeActions test node-bin-setup@1.0.6
127 silly decomposeActions preinstall node-bin-setup@1.0.6
128 silly decomposeActions build node-bin-setup@1.0.6
129 silly decomposeActions install node-bin-setup@1.0.6
130 silly decomposeActions postinstall node-bin-setup@1.0.6
131 silly decomposeActions finalize node-bin-setup@1.0.6
132 silly decomposeActions fetch node@8.3.0
133 silly decomposeActions extract node@8.3.0
134 silly decomposeActions test node@8.3.0
135 silly decomposeActions preinstall node@8.3.0
136 silly decomposeActions build node@8.3.0
137 silly decomposeActions install node@8.3.0
138 silly decomposeActions postinstall node@8.3.0
139 silly decomposeActions finalize node@8.3.0
140 silly executeActions Starting
141 silly install executeActions
142 silly doSerial global-install 0
143 silly doParallel fetch 2
144 verbose lock using /home/gonza/.npm/_locks/staging-3613eb6de4c76896.lock for /home/gonza/FIUBA/bd/repo/parcialito SQL/node_modules/.staging
145 silly doParallel extract 2
146 silly extract node-bin-setup@1.0.6
147 silly extract node@8.3.0
148 verbose unbuild node_modules/.staging/node-bin-setup-576c51c9
149 verbose unbuild node_modules/.staging/node-4621453d
150 silly gentlyRm /home/gonza/FIUBA/bd/repo/parcialito SQL/node_modules/.staging/node-bin-setup-576c51c9 is being purged from base /home/gonza/FIUBA/bd/repo/parcialito SQL
151 verbose gentlyRm don't care about contents; nuking /home/gonza/FIUBA/bd/repo/parcialito SQL/node_modules/.staging/node-bin-setup-576c51c9
152 verbose tar unpack /home/gonza/.npm/node-bin-setup/1.0.6/package.tgz
153 verbose tar unpacking to /home/gonza/FIUBA/bd/repo/parcialito SQL/node_modules/.staging/node-bin-setup-576c51c9
154 silly gentlyRm /home/gonza/FIUBA/bd/repo/parcialito SQL/node_modules/.staging/node-bin-setup-576c51c9 is being purged
155 verbose gentlyRm don't care about contents; nuking /home/gonza/FIUBA/bd/repo/parcialito SQL/node_modules/.staging/node-bin-setup-576c51c9
156 silly gentlyRm /home/gonza/FIUBA/bd/repo/parcialito SQL/node_modules/.staging/node-4621453d is being purged from base /home/gonza/FIUBA/bd/repo/parcialito SQL
157 verbose gentlyRm don't care about contents; nuking /home/gonza/FIUBA/bd/repo/parcialito SQL/node_modules/.staging/node-4621453d
158 silly gunzTarPerm modes [ '775', '664' ]
159 verbose tar unpack /home/gonza/.npm/node/8.3.0/package.tgz
160 verbose tar unpacking to /home/gonza/FIUBA/bd/repo/parcialito SQL/node_modules/.staging/node-4621453d
161 silly gentlyRm /home/gonza/FIUBA/bd/repo/parcialito SQL/node_modules/.staging/node-4621453d is being purged
162 verbose gentlyRm don't care about contents; nuking /home/gonza/FIUBA/bd/repo/parcialito SQL/node_modules/.staging/node-4621453d
163 silly gunzTarPerm modes [ '775', '664' ]
164 silly gunzTarPerm extractEntry package.json
165 silly gunzTarPerm modified mode [ 'package.json', 420, 436 ]
166 silly gunzTarPerm extractEntry package.json
167 silly gunzTarPerm modified mode [ 'package.json', 420, 436 ]
168 silly gunzTarPerm extractEntry index.js
169 silly gunzTarPerm modified mode [ 'index.js', 420, 436 ]
170 silly gunzTarPerm extractEntry README.md
171 silly gunzTarPerm modified mode [ 'README.md', 420, 436 ]
172 silly gunzTarPerm extractEntry installArchSpecificPackage.js
173 silly gunzTarPerm modified mode [ 'installArchSpecificPackage.js', 420, 436 ]
174 silly gentlyRm /home/gonza/FIUBA/bd/repo/parcialito SQL/node_modules/.staging/node-bin-setup-576c51c9/node_modules is being purged
175 verbose gentlyRm don't care about contents; nuking /home/gonza/FIUBA/bd/repo/parcialito SQL/node_modules/.staging/node-bin-setup-576c51c9/node_modules
176 silly gentlyRm /home/gonza/FIUBA/bd/repo/parcialito SQL/node_modules/.staging/node-4621453d/node_modules is being purged
177 verbose gentlyRm don't care about contents; nuking /home/gonza/FIUBA/bd/repo/parcialito SQL/node_modules/.staging/node-4621453d/node_modules
178 silly doParallel preinstall 2
179 silly preinstall node-bin-setup@1.0.6 /home/gonza/FIUBA/bd/repo/parcialito SQL/node_modules/.staging/node-bin-setup-576c51c9
180 info lifecycle node-bin-setup@1.0.6~preinstall: node-bin-setup@1.0.6
181 silly preinstall node@8.3.0 /home/gonza/FIUBA/bd/repo/parcialito SQL/node_modules/.staging/node-4621453d
182 info lifecycle node@8.3.0~preinstall: node@8.3.0
183 silly lifecycle node-bin-setup@1.0.6~preinstall: no script for preinstall, continuing
184 verbose lifecycle node@8.3.0~preinstall: unsafe-perm in lifecycle true
185 verbose lifecycle node@8.3.0~preinstall: PATH: /usr/share/npm/bin/node-gyp-bin:/home/gonza/FIUBA/bd/repo/parcialito SQL/node_modules/.staging/node-4621453d/node_modules/.bin:/home/gonza/FIUBA/bd/repo/parcialito SQL/node_modules/.bin:/home/gonza/bin:/home/gonza/.local/bin:/usr/local/sbin:/usr/local/bin:/usr/sbin:/usr/bin:/sbin:/bin:/usr/games:/usr/local/games:/snap/bin:/usr/lib/jvm/java-8-oracle/bin:/usr/lib/jvm/java-8-oracle/db/bin:/usr/lib/jvm/java-8-oracle/jre/bin
186 verbose lifecycle node@8.3.0~preinstall: CWD: /home/gonza/FIUBA/bd/repo/parcialito SQL/node_modules/.staging/node-4621453d
187 silly lifecycle node@8.3.0~preinstall: Args: [ '-c', 'node installArchSpecificPackage' ]
188 info lifecycle node@8.3.0~preinstall: Failed to exec preinstall script
189 verbose unlock done using /home/gonza/.npm/_locks/staging-3613eb6de4c76896.lock for /home/gonza/FIUBA/bd/repo/parcialito SQL/node_modules/.staging
190 silly rollbackFailedOptional Starting
191 silly rollbackFailedOptional Finishing
192 silly runTopLevelLifecycles Starting
193 silly runTopLevelLifecycles Finishing
194 silly install printInstalled
195 warn enoent ENOENT: no such file or directory, open '/home/gonza/FIUBA/bd/repo/parcialito SQL/package.json'
196 warn parcialito SQL No description
197 warn parcialito SQL No repository field.
198 warn parcialito SQL No README data
199 warn parcialito SQL No license field.
200 verbose stack Error: node@8.3.0 preinstall: `node installArchSpecificPackage`
200 verbose stack spawn ENOENT
200 verbose stack     at ChildProcess.<anonymous> (/usr/share/npm/lib/utils/spawn.js:17:16)
200 verbose stack     at emitTwo (events.js:87:13)
200 verbose stack     at ChildProcess.emit (events.js:172:7)
200 verbose stack     at maybeClose (internal/child_process.js:821:16)
200 verbose stack     at Process.ChildProcess._handle.onexit (internal/child_process.js:211:5)
201 verbose pkgid node@8.3.0
202 verbose cwd /home/gonza/FIUBA/bd/repo/parcialito SQL
203 error Linux 4.4.0-96-generic
204 error argv "/usr/bin/nodejs" "/usr/bin/npm" "install" "node"
205 error node v4.2.6
206 error npm  v3.5.2
207 error file sh
208 error code ELIFECYCLE
209 error errno ENOENT
210 error syscall spawn
211 error node@8.3.0 preinstall: `node installArchSpecificPackage`
211 error spawn ENOENT
212 error Failed at the node@8.3.0 preinstall script 'node installArchSpecificPackage'.
212 error Make sure you have the latest version of node.js and npm installed.
212 error If you do, this is most likely a problem with the node package,
212 error not with npm itself.
212 error Tell the author that this fails on your system:
212 error     node installArchSpecificPackage
212 error You can get information on how to open an issue for this project with:
212 error     npm bugs node
212 error Or if that isn't available, you can get their info via:
212 error     npm owner ls node
212 error There is likely additional logging output above.
213 verbose exit [ 1, true ]
